<?xml version="1.0" encoding="UTF-8"?>
<testng-results skipped="0" failed="0" total="2" passed="2">
  <reporter-output>
  </reporter-output>
  <suite name="Tests" duration-ms="16842" started-at="2014-07-30T16:49:24Z" finished-at="2014-07-30T16:49:41Z">
    <groups>
    </groups>
    <test name="Test1" duration-ms="16842" started-at="2014-07-30T16:49:24Z" finished-at="2014-07-30T16:49:41Z">
      <class name="ru.st.Selenium.Login1">
        <test-method status="PASS" signature="init()[pri:0, instance:ru.st.Selenium.Login1@5c33e2dc]" name="init" is-config="true" duration-ms="7265" started-at="2014-07-30T20:49:24Z" finished-at="2014-07-30T20:49:31Z">
          <reporter-output>
          </reporter-output>
        </test-method> <!-- init -->
        <test-method status="PASS" signature="testLogin1()[pri:0, instance:ru.st.Selenium.Login1@5c33e2dc]" name="testLogin1" duration-ms="6761" started-at="2014-07-30T20:49:31Z" finished-at="2014-07-30T20:49:38Z">
          <reporter-output>
          </reporter-output>
        </test-method> <!-- testLogin1 -->
        <test-method status="PASS" signature="tearDown()[pri:0, instance:ru.st.Selenium.Login1@5c33e2dc]" name="tearDown" is-config="true" duration-ms="201" started-at="2014-07-30T20:49:41Z" finished-at="2014-07-30T20:49:41Z">
          <reporter-output>
          </reporter-output>
        </test-method> <!-- tearDown -->
      </class> <!-- ru.st.Selenium.Login1 -->
      <class name="ru.st.Selenium.Add">
        <test-method status="PASS" signature="init()[pri:0, instance:ru.st.Selenium.Add@7647b3ee]" name="init" is-config="true" duration-ms="16" started-at="2014-07-30T20:49:38Z" finished-at="2014-07-30T20:49:38Z">
          <reporter-output>
          </reporter-output>
        </test-method> <!-- init -->
        <test-method status="PASS" signature="testAdd()[pri:0, instance:ru.st.Selenium.Add@7647b3ee]" name="testAdd" duration-ms="2762" started-at="2014-07-30T20:49:38Z" finished-at="2014-07-30T20:49:41Z">
          <reporter-output>
          </reporter-output>
        </test-method> <!-- testAdd -->
      </class> <!-- ru.st.Selenium.Add -->
    </test> <!-- Test1 -->
  </suite> <!-- Tests -->
</testng-results>
